5/20/2022 11:22:01 PM	This log contains information about the import schema operation into project 'DBA-Partitioned' on computer 'WORKSTATION' by user 'adwivedi'.
5/20/2022 11:22:02 PM	Import of database schema has started.
5/20/2022 11:22:02 PM	Gathering database credentials
5/20/2022 11:22:02 PM	Gathering database options
5/20/2022 11:22:02 PM	Gathering generic database scoped configuration option
5/20/2022 11:22:02 PM	Gathering users
5/20/2022 11:22:02 PM	Gathering roles
5/20/2022 11:22:02 PM	Gathering application roles
5/20/2022 11:22:02 PM	Gathering role memberships
5/20/2022 11:22:02 PM	Gathering filegroups
5/20/2022 11:22:02 PM	Gathering full-text catalogs
5/20/2022 11:22:02 PM	Gathering assemblies
5/20/2022 11:22:02 PM	Gathering certificates
5/20/2022 11:22:02 PM	Gathering asymmetric keys
5/20/2022 11:22:02 PM	Gathering symmetric keys
5/20/2022 11:22:02 PM	Gathering encrypted symmetric keys
5/20/2022 11:22:02 PM	Gathering schemas
5/20/2022 11:22:02 PM	Gathering XML schema collections
5/20/2022 11:22:02 PM	Gathering user-defined data types
5/20/2022 11:22:02 PM	Gathering user-defined types
5/20/2022 11:22:02 PM	Gathering table types
5/20/2022 11:22:02 PM	Gathering unique keys for table types
5/20/2022 11:22:02 PM	Gathering primary keys for table types
5/20/2022 11:22:03 PM	Gathering indexes for table types
5/20/2022 11:22:03 PM	Gathering check constraints for table types
5/20/2022 11:22:03 PM	Gathering default constraints for table types
5/20/2022 11:22:03 PM	Gathering partition functions
5/20/2022 11:22:04 PM	Gathering partition schemes
5/20/2022 11:22:05 PM	Gathering functions
5/20/2022 11:22:05 PM	Gathering encrypted functions
5/20/2022 11:22:05 PM	Gathering aggregates
5/20/2022 11:22:05 PM	Gathering procedures
5/20/2022 11:22:05 PM	Gathering encrypted procedures
5/20/2022 11:22:05 PM	Gathering tables
5/20/2022 11:22:05 PM	Gathering primary keys
5/20/2022 11:22:05 PM	Gathering unique constraints
5/20/2022 11:22:05 PM	Gathering foreign keys
5/20/2022 11:22:05 PM	Gathering default constraints
5/20/2022 11:22:05 PM	Gathering check constraints
5/20/2022 11:22:05 PM	Gathering views
5/20/2022 11:22:05 PM	Gathering encrypted views
5/20/2022 11:22:05 PM	Gathering indexes
5/20/2022 11:22:06 PM	Gathering statistics
5/20/2022 11:22:06 PM	Gathering full-text index stoplists
5/20/2022 11:22:06 PM	Gathering search property lists
5/20/2022 11:22:06 PM	Gathering search properties
5/20/2022 11:22:06 PM	Gathering full-text indexes
5/20/2022 11:22:06 PM	Gathering column store indexes
5/20/2022 11:22:06 PM	Gathering spatial indexes
5/20/2022 11:22:06 PM	Gathering XML indexes
5/20/2022 11:22:06 PM	Gathering Selective XML indexes
5/20/2022 11:22:06 PM	Gathering encrypted triggers
5/20/2022 11:22:06 PM	Gathering triggers
5/20/2022 11:22:06 PM	Gathering encrypted and clr ddl triggers
5/20/2022 11:22:06 PM	Gathering ddl triggers
5/20/2022 11:22:06 PM	Creating edge constraints
5/20/2022 11:22:06 PM	Gathering synonyms
5/20/2022 11:22:06 PM	Gathering defaults
5/20/2022 11:22:06 PM	Gathering data constraint uddt bindings
5/20/2022 11:22:06 PM	Gathering rules
5/20/2022 11:22:06 PM	Gathering data constraint uddt bindings
5/20/2022 11:22:06 PM	Gathering message types
5/20/2022 11:22:06 PM	Gathering queues
5/20/2022 11:22:06 PM	Gathering contracts
5/20/2022 11:22:06 PM	Gathering services
5/20/2022 11:22:06 PM	Gathering event notifications
5/20/2022 11:22:06 PM	Gathering remote service bindings
5/20/2022 11:22:06 PM	Gathering broker priorities
5/20/2022 11:22:06 PM	Gathering signatures
5/20/2022 11:22:06 PM	Gathering data compression options
5/20/2022 11:22:06 PM	Gathering sequence types
5/20/2022 11:22:06 PM	Gathering security policies
5/20/2022 11:22:06 PM	Gather column encryption keys
5/20/2022 11:22:06 PM	Gathering column master keys
5/20/2022 11:22:06 PM	Gathering external data sources
5/20/2022 11:22:06 PM	Gathering external file formats
5/20/2022 11:22:06 PM	Gathering external tables
5/20/2022 11:22:06 PM	Gathering database permissions
5/20/2022 11:22:06 PM	Gathering extended properties
5/20/2022 11:22:06 PM	Gathering assemblies
5/20/2022 11:22:06 PM	Gathering credentials
5/20/2022 11:22:06 PM	Gathering logins
5/20/2022 11:22:06 PM	Gathering server audits
5/20/2022 11:22:07 PM	Scanning project for duplicate elements
5/20/2022 11:22:07 PM	Finished duplicate element processing
5/20/2022 11:22:08 PM	Finished importing database.
5/20/2022 11:22:08 PM	A summary of the import was saved to the following location: F:\GitHub\SQLMonitor\DBA-Partitioned\Import Schema Logs\DBA-Partitioned_20220520055201.log
5/20/2022 11:22:08 PM	Click Finish to continue...
